<?xml version="1.0" encoding="UTF-8"?>
<!-- Generated by org.testng.reporters.JUnitReportReporter -->
<testsuite hostname="DESKTOP-THOJFSC" name="scripts.Flipkartsc1" tests="1" failures="0" timestamp="5 Aug 2018 06:35:41 GMT" time="26.961" errors="0">
  <testcase name="testsc1" time="26.961" classname="scripts.Flipkartsc1"/>
</testsuite> <!-- scripts.Flipkartsc1 -->
