<?xml version="1.0" encoding="UTF-8"?>
<!-- Generated by org.testng.reporters.JUnitReportReporter -->
<testsuite hostname="DESKTOP-THOJFSC" name="scripts.Flipkartsc1" tests="1" failures="0" timestamp="5 Aug 2018 07:12:39 GMT" time="31.962" errors="0">
  <testcase name="testsc1" time="31.962" classname="scripts.Flipkartsc1"/>
</testsuite> <!-- scripts.Flipkartsc1 -->
